c:\users\g\source\repos\assignment_3\debug\vc141.pdb
c:\users\g\source\repos\assignment_3\debug\vc141.idb
c:\users\g\source\repos\assignment_3\debug\tlyellow.obj
c:\users\g\source\repos\assignment_3\debug\tlstate.obj
c:\users\g\source\repos\assignment_3\debug\tlred.obj
c:\users\g\source\repos\assignment_3\debug\tlnettraffic.obj
c:\users\g\source\repos\assignment_3\debug\tlgreen.obj
v:\erts\erts_ass_3_example_semaphorepdstatecpp\debug\vc141.pdb
v:\erts\erts_ass_3_example_semaphorepdstatecpp\debug\vc141.idb
v:\erts\erts_ass_3_example_semaphorepdstatecpp\debug\mode3.obj
v:\erts\erts_ass_3_example_semaphorepdstatecpp\debug\state.obj
v:\erts\erts_ass_3_example_semaphorepdstatecpp\debug\mode2.obj
v:\erts\erts_ass_3_example_semaphorepdstatecpp\debug\embeddedsystemx.obj
v:\erts\erts_ass_3_example_semaphorepdstatecpp\debug\mode1.obj
v:\erts\erts_ass_3_example_semaphorepdstatecpp\debug\main.obj
c:\users\g\source\repos\assignment_3\debug\assignment_3.ilk
c:\users\g\source\repos\assignment_3\debug\assignment_3.exe
c:\users\g\source\repos\assignment_3\debug\assignment_3.pdb
v:\erts\erts_ass_3_example_semaphorepdstatecpp\debug\tlgreen.obj
v:\erts\erts_ass_3_example_semaphorepdstatecpp\debug\tlnettraffic.obj
v:\erts\erts_ass_3_example_semaphorepdstatecpp\debug\tlred.obj
v:\erts\erts_ass_3_example_semaphorepdstatecpp\debug\tlstate.obj
v:\erts\erts_ass_3_example_semaphorepdstatecpp\debug\tlyellow.obj
v:\erts\erts_ass_3_example_semaphorepdstatecpp\debug\assignment_3.pdb
v:\erts\erts_ass_3_example_semaphorepdstatecpp\debug\assignment_3.tlog\cl.command.1.tlog
v:\erts\erts_ass_3_example_semaphorepdstatecpp\debug\assignment_3.tlog\cl.read.1.tlog
v:\erts\erts_ass_3_example_semaphorepdstatecpp\debug\assignment_3.tlog\cl.write.1.tlog
v:\erts\erts_ass_3_example_semaphorepdstatecpp\debug\assignment_3.tlog\link.11660-cvtres.read.1.tlog
v:\erts\erts_ass_3_example_semaphorepdstatecpp\debug\assignment_3.tlog\link.11660-cvtres.write.1.tlog
v:\erts\erts_ass_3_example_semaphorepdstatecpp\debug\assignment_3.tlog\link.11660-rc.read.1.tlog
v:\erts\erts_ass_3_example_semaphorepdstatecpp\debug\assignment_3.tlog\link.11660-rc.write.1.tlog
v:\erts\erts_ass_3_example_semaphorepdstatecpp\debug\assignment_3.tlog\link.11660.read.1.tlog
v:\erts\erts_ass_3_example_semaphorepdstatecpp\debug\assignment_3.tlog\link.11660.write.1.tlog
v:\erts\erts_ass_3_example_semaphorepdstatecpp\debug\assignment_3.tlog\link.command.1.tlog
v:\erts\erts_ass_3_example_semaphorepdstatecpp\debug\assignment_3.tlog\link.read.1.tlog
v:\erts\erts_ass_3_example_semaphorepdstatecpp\debug\assignment_3.tlog\link.write.1.tlog
